# JRE version: OpenJDK Runtime Environment Temurin-21.0.7+6 (21.0.7+6) (build 21.0.7+6-LTS)
# Java VM: OpenJDK 64-Bit Server VM Temurin-21.0.7+6 (21.0.7+6-LTS, mixed mode, sharing, tiered, compressed oops, compressed class ptrs, g1 gc, windows-amd64)
GC Precious Log:
 CardTable entry size: 512
 Card Set container configuration: InlinePtr #cards 4 size 8 Array Of Cards #cards 16 size 48 Howl #buckets 8 coarsen threshold 3686 Howl Bitmap #cards 512 size 80 coarsen threshold 460 Card regions per heap region 1 cards per card region 4096
 CPUs: 16 total, 16 available
 Memory: 16236M
 Large Page Support: Disabled
 NUMA Support: Disabled
 Compressed Oops: Enabled (Zero based)
 Heap Region Size: 2M
 Heap Min Capacity: 8M
 Heap Initial Capacity: 254M
 Heap Max Capacity: 4060M
 Pre-touch: Disabled
 Parallel Workers: 13
 Concurrent Workers: 3
 Concurrent Refinement Workers: 13
 Periodic GC: Disabled
Heap:
 garbage-first heap   total 260096K, used 83391K [0x0000000702400000, 0x0000000800000000)
  region size 2048K, 3 young (6144K), 2 survivors (4096K)
 Metaspace       used 7443K, committed 7616K, reserved 1114112K
  class space    used 560K, committed 640K, reserved 1048576K
GC Heap History (8 events):
Event: 1.140 GC heap before
{Heap before GC invocations=0 (full 0):
 garbage-first heap   total 260096K, used 22528K [0x0000000702400000, 0x0000000800000000)
  region size 2048K, 11 young (22528K), 0 survivors (0K)
 Metaspace       used 7150K, committed 7360K, reserved 1114112K
  class space    used 553K, committed 640K, reserved 1048576K
}
Event: 1.144 GC heap after
{Heap after GC invocations=1 (full 0):
 garbage-first heap   total 260096K, used 3365K [0x0000000702400000, 0x0000000800000000)
  region size 2048K, 2 young (4096K), 2 survivors (4096K)
 Metaspace       used 7150K, committed 7360K, reserved 1114112K
  class space    used 553K, committed 640K, reserved 1048576K
}
Event: 7.712 GC heap before
{Heap before GC invocations=1 (full 0):
 garbage-first heap   total 260096K, used 38181K [0x0000000702400000, 0x0000000800000000)
  region size 2048K, 20 young (40960K), 2 survivors (4096K)
 Metaspace       used 7443K, committed 7616K, reserved 1114112K
  class space    used 560K, committed 640K, reserved 1048576K
}
Event: 7.728 GC heap after
{Heap after GC invocations=2 (full 0):
 garbage-first heap   total 260096K, used 32520K [0x0000000702400000, 0x0000000800000000)
  region size 2048K, 3 young (6144K), 3 survivors (6144K)
 Metaspace       used 7443K, committed 7616K, reserved 1114112K
  class space    used 560K, committed 640K, reserved 1048576K
}
Event: 10.625 GC heap before
{Heap before GC invocations=2 (full 0):
 garbage-first heap   total 260096K, used 61192K [0x0000000702400000, 0x0000000800000000)
  region size 2048K, 17 young (34816K), 3 survivors (6144K)
 Metaspace       used 7443K, committed 7616K, reserved 1114112K
  class space    used 560K, committed 640K, reserved 1048576K
}
Event: 10.644 GC heap after
{Heap after GC invocations=3 (full 0):
 garbage-first heap   total 260096K, used 60012K [0x0000000702400000, 0x0000000800000000)
  region size 2048K, 3 young (6144K), 3 survivors (6144K)
 Metaspace       used 7443K, committed 7616K, reserved 1114112K
  class space    used 560K, committed 640K, reserved 1048576K
}
Event: 10.929 GC heap before
{Heap before GC invocations=3 (full 0):
 garbage-first heap   total 260096K, used 84588K [0x0000000702400000, 0x0000000800000000)
  region size 2048K, 14 young (28672K), 3 survivors (6144K)
 Metaspace       used 7443K, committed 7616K, reserved 1114112K
  class space    used 560K, committed 640K, reserved 1048576K
}
Event: 10.942 GC heap after
{Heap after GC invocations=4 (full 0):
 garbage-first heap   total 260096K, used 83391K [0x0000000702400000, 0x0000000800000000)
  region size 2048K, 2 young (4096K), 2 survivors (4096K)
 Metaspace       used 7443K, committed 7616K, reserved 1114112K
  class space    used 560K, committed 640K, reserved 1048576K
}

